#-----------------------------------------------------------
# Vivado v2019.1 (64-bit)
# SW Build 2552052 on Fri May 24 14:49:42 MDT 2019
# IP Build 2548770 on Fri May 24 18:01:18 MDT 2019
# Start of session at: Tue Oct  4 17:01:39 2022
# Process ID: 20520
# Current directory: C:/Users/johnp/HDLGen/Application
# Command line: vivado.exe -source C:\Users\johnp\HDLGen\User_Projects/mux21_1/VHDL/AMDPrj/mux21_1.tcl
# Log file: C:/Users/johnp/HDLGen/Application/vivado.log
# Journal file: C:/Users/johnp/HDLGen/Application\vivado.jou
#-----------------------------------------------------------
start_gui
source {C:\Users\johnp\HDLGen\User_Projects/mux21_1/VHDL/AMDPrj/mux21_1.tcl}
# cd {C:\Users\johnp\HDLGen\User_Projects/mux21_1} 
# start_gui
# create_project  mux21_1  ./VHDL/AMDprj -part xc7z020clg400-1 -force
INFO: [IP_Flow 19-234] Refreshing IP repositories
INFO: [IP_Flow 19-1704] No user IP repositories specified
INFO: [IP_Flow 19-2313] Loaded Vivado IP repository 'C:/Xilinx/Vivado/2019.1/data/ip'.
create_project: Time (s): cpu = 00:00:13 ; elapsed = 00:00:06 . Memory (MB): peak = 717.840 ; gain = 86.152
# set_property target_language VHDL [current_project]
# add_files -norecurse  ./VHDL/model/mux21_1.vhd
# update_compile_order -fileset sources_1
# set_property SOURCE_SET sources_1 [get_filesets sim_1]
# add_files -fileset sim_1 -norecurse ./VHDL/testbench/mux21_1_tb.vhd
# update_compile_order -fileset sim_1
update_compile_order -fileset sources_1
exit
INFO: [Common 17-206] Exiting Vivado at Tue Oct  4 17:05:10 2022...
