#-----------------------------------------------------------
# Vivado v2019.1 (64-bit)
# SW Build 2552052 on Fri May 24 14:49:42 MDT 2019
# IP Build 2548770 on Fri May 24 18:01:18 MDT 2019
# Start of session at: Tue Sep 27 16:12:47 2022
# Process ID: 13092
# Current directory: C:/Users/johnp/Documents/5thYear/mastersProject/HDLGen/Application
# Command line: vivado.exe -source C:\Users\johnp\Documents\5thYear\mastersProject\HDLGen\User_Projects/datapathGenerator/VHDL/AMDPrj/datapathGenerator.tcl
# Log file: C:/Users/johnp/Documents/5thYear/mastersProject/HDLGen/Application/vivado.log
# Journal file: C:/Users/johnp/Documents/5thYear/mastersProject/HDLGen/Application\vivado.jou
#-----------------------------------------------------------
start_gui
source {C:\Users\johnp\Documents\5thYear\mastersProject\HDLGen\User_Projects/datapathGenerator/VHDL/AMDPrj/datapathGenerator.tcl}
# cd {C:\Users\johnp\Documents\5thYear\mastersProject\HDLGen\User_Projects/datapathGenerator} 
# start_gui
# create_project  datapathGenerator  ./VHDL/AMDprj -part xc7z020clg400-1 -force
INFO: [ProjectBase 1-489] The host OS only allows 260 characters in a normal path. The project is stored in a path with more than 80 characters. If you experience issues with IP, Block Designs, or files not being found, please consider moving the project to a location with a shorter path. Alternately consider using the OS subst command to map part of the path to a drive letter.
Current project path is 'C:/Users/johnp/Documents/5thYear/mastersProject/HDLGen/User_Projects/datapathGenerator/VHDL/AMDprj'
INFO: [IP_Flow 19-234] Refreshing IP repositories
INFO: [IP_Flow 19-1704] No user IP repositories specified
INFO: [IP_Flow 19-2313] Loaded Vivado IP repository 'C:/Xilinx/Vivado/2019.1/data/ip'.
create_project: Time (s): cpu = 00:00:16 ; elapsed = 00:00:07 . Memory (MB): peak = 694.223 ; gain = 63.215
# set_property target_language VHDL [current_project]
# add_files -norecurse  ./VHDL/model/datapathGenerator.vhd
# update_compile_order -fileset sources_1
# set_property SOURCE_SET sources_1 [get_filesets sim_1]
# add_files -fileset sim_1 -norecurse ./VHDL/testbench/datapathGenerator_tb.vhd
# update_compile_order -fileset sim_1
update_compile_order -fileset sources_1
launch_simulation
INFO: [Vivado 12-5682] Launching behavioral simulation in 'C:/Users/johnp/Documents/5thYear/mastersProject/HDLGen/User_Projects/datapathGenerator/VHDL/AMDprj/datapathGenerator.sim/sim_1/behav/xsim'
INFO: [SIM-utils-51] Simulation object is 'sim_1'
INFO: [SIM-utils-54] Inspecting design source files for 'datapathGenerator_TB' in fileset 'sim_1'...
INFO: [USF-XSim-97] Finding global include files...
INFO: [USF-XSim-98] Fetching design files from 'sim_1'...
INFO: [USF-XSim-2] XSim::Compile design
INFO: [USF-XSim-61] Executing 'COMPILE and ANALYZE' step in 'C:/Users/johnp/Documents/5thYear/mastersProject/HDLGen/User_Projects/datapathGenerator/VHDL/AMDprj/datapathGenerator.sim/sim_1/behav/xsim'
"xvhdl --incr --relax -prj datapathGenerator_TB_vhdl.prj"
INFO: [VRFC 10-163] Analyzing VHDL file "C:/Users/johnp/Documents/5thYear/mastersProject/HDLGen/User_Projects/datapathGenerator/VHDL/model/datapathGenerator.vhd" into library xil_defaultlib
INFO: [VRFC 10-3107] analyzing entity 'datapathGenerator'
INFO: [VRFC 10-163] Analyzing VHDL file "C:/Users/johnp/Documents/5thYear/mastersProject/HDLGen/User_Projects/datapathGenerator/VHDL/testbench/datapathGenerator_tb.vhd" into library xil_defaultlib
INFO: [VRFC 10-3107] analyzing entity 'datapathGenerator_TB'
INFO: [USF-XSim-69] 'compile' step finished in '2' seconds
INFO: [USF-XSim-3] XSim::Elaborate design
INFO: [USF-XSim-61] Executing 'ELABORATE' step in 'C:/Users/johnp/Documents/5thYear/mastersProject/HDLGen/User_Projects/datapathGenerator/VHDL/AMDprj/datapathGenerator.sim/sim_1/behav/xsim'
"xelab -wto c2919320bcc54208bdf7e86834d5cd62 --incr --debug typical --relax --mt 2 -L xil_defaultlib -L secureip --snapshot datapathGenerator_TB_behav xil_defaultlib.datapathGenerator_TB -log elaborate.log"
Vivado Simulator 2019.1
Copyright 1986-1999, 2001-2019 Xilinx, Inc. All Rights Reserved.
Running: C:/Xilinx/Vivado/2019.1/bin/unwrapped/win64.o/xelab.exe -wto c2919320bcc54208bdf7e86834d5cd62 --incr --debug typical --relax --mt 2 -L xil_defaultlib -L secureip --snapshot datapathGenerator_TB_behav xil_defaultlib.datapathGenerator_TB -log elaborate.log 
Using 2 slave threads.
Starting static elaboration
Completed static elaboration
Starting simulation data flow analysis
Completed simulation data flow analysis
Time Resolution for simulation is 1ps
Compiling package std.standard
Compiling package std.textio
Compiling package ieee.std_logic_1164
Compiling package ieee.numeric_std
Compiling architecture comb of entity xil_defaultlib.datapathGenerator [datapathgenerator_default]
Compiling architecture behave of entity xil_defaultlib.datapathgenerator_tb
Built simulation snapshot datapathGenerator_TB_behav

****** Webtalk v2019.1 (64-bit)
  **** SW Build 2552052 on Fri May 24 14:49:42 MDT 2019
  **** IP Build 2548770 on Fri May 24 18:01:18 MDT 2019
    ** Copyright 1986-2019 Xilinx, Inc. All Rights Reserved.

source C:/Users/johnp/Documents/5thYear/mastersProject/HDLGen/User_Projects/datapathGenerator/VHDL/AMDprj/datapathGenerator.sim/sim_1/behav/xsim/xsim.dir/datapathGenerator_TB_behav/webtalk/xsim_webtalk.tcl -notrace
INFO: [Common 17-186] 'C:/Users/johnp/Documents/5thYear/mastersProject/HDLGen/User_Projects/datapathGenerator/VHDL/AMDprj/datapathGenerator.sim/sim_1/behav/xsim/xsim.dir/datapathGenerator_TB_behav/webtalk/usage_statistics_ext_xsim.xml' has been successfully sent to Xilinx on Tue Sep 27 16:27:21 2022. For additional details about this file, please refer to the WebTalk help file at C:/Xilinx/Vivado/2019.1/doc/webtalk_introduction.html.
INFO: [Common 17-206] Exiting Webtalk at Tue Sep 27 16:27:21 2022...
run_program: Time (s): cpu = 00:00:01 ; elapsed = 00:00:06 . Memory (MB): peak = 760.105 ; gain = 0.000
INFO: [USF-XSim-69] 'elaborate' step finished in '6' seconds
INFO: [USF-XSim-4] XSim::Simulate design
INFO: [USF-XSim-61] Executing 'SIMULATE' step in 'C:/Users/johnp/Documents/5thYear/mastersProject/HDLGen/User_Projects/datapathGenerator/VHDL/AMDprj/datapathGenerator.sim/sim_1/behav/xsim'
INFO: [USF-XSim-98] *** Running xsim
   with args "datapathGenerator_TB_behav -key {Behavioral:sim_1:Functional:datapathGenerator_TB} -tclbatch {datapathGenerator_TB.tcl} -log {simulate.log}"
INFO: [USF-XSim-8] Loading simulator feature
Vivado Simulator 2019.1
Time resolution is 1 ps
source datapathGenerator_TB.tcl
# set curr_wave [current_wave_config]
# if { [string length $curr_wave] == 0 } {
#   if { [llength [get_objects]] > 0} {
#     add_wave /
#     set_property needs_save false [current_wave_config]
#   } else {
#      send_msg_id Add_Wave-1 WARNING "No top level signals found. Simulator will start without a wave window. If you want to open a wave window go to 'File->New Waveform Configuration' or type 'create_wave_config' in the TCL console."
#   }
# }
# run 1000ns
Note: %N Simulation start
Time: 0 ps  Iteration: 0  Process: /datapathGenerator_TB/stim_p  File: C:/Users/johnp/Documents/5thYear/mastersProject/HDLGen/User_Projects/datapathGenerator/VHDL/testbench/datapathGenerator_tb.vhd
Note: Assert and toggle rst
Time: 0 ps  Iteration: 0  Process: /datapathGenerator_TB/stim_p  File: C:/Users/johnp/Documents/5thYear/mastersProject/HDLGen/User_Projects/datapathGenerator/VHDL/testbench/datapathGenerator_tb.vhd
Note: %N Simulation done
Time: 164 ns  Iteration: 0  Process: /datapathGenerator_TB/stim_p  File: C:/Users/johnp/Documents/5thYear/mastersProject/HDLGen/User_Projects/datapathGenerator/VHDL/testbench/datapathGenerator_tb.vhd
INFO: [USF-XSim-96] XSim completed. Design snapshot 'datapathGenerator_TB_behav' loaded.
INFO: [USF-XSim-97] XSim simulation ran for 1000ns
launch_simulation: Time (s): cpu = 00:00:07 ; elapsed = 00:00:13 . Memory (MB): peak = 766.902 ; gain = 6.797
close_sim
INFO: [Simtcl 6-16] Simulation closed
close_sim: Time (s): cpu = 00:00:02 ; elapsed = 00:00:05 . Memory (MB): peak = 788.660 ; gain = 7.922
exit
INFO: [Common 17-206] Exiting Vivado at Tue Sep 27 16:28:56 2022...
